  MapDraw.cpp
C:\김수민\Study_Programming\문제&프로젝트파일\4.C++언어\6강\오목_프로젝트\오목_프로젝트\MapDraw.h(31,17): warning C4838: 'int'에서 'SHORT'(으)로의 변환에는 축소 변환이 필요합니다.
C:\김수민\Study_Programming\문제&프로젝트파일\4.C++언어\6강\오목_프로젝트\오목_프로젝트\MapDraw.h(31,20): warning C4838: 'int'에서 'SHORT'(으)로의 변환에는 축소 변환이 필요합니다.
C:\김수민\Study_Programming\문제&프로젝트파일\4.C++언어\6강\오목_프로젝트\오목_프로젝트\MapDraw.cpp(170,22): warning C4267: '-=': 'size_t'에서 'int'(으)로 변환하면서 데이터가 손실될 수 있습니다.
C:\김수민\Study_Programming\문제&프로젝트파일\4.C++언어\6강\오목_프로젝트\오목_프로젝트\MapDraw.cpp(185,29): warning C4267: '-=': 'size_t'에서 'int'(으)로 변환하면서 데이터가 손실될 수 있습니다.
C:\김수민\Study_Programming\문제&프로젝트파일\4.C++언어\6강\오목_프로젝트\오목_프로젝트\MapDraw.cpp(186,18): warning C4244: '인수': 'float'에서 'int'(으)로 변환하면서 데이터가 손실될 수 있습니다.
  Play.cpp
C:\김수민\Study_Programming\문제&프로젝트파일\4.C++언어\6강\오목_프로젝트\오목_프로젝트\MapDraw.h(31,17): warning C4838: 'int'에서 'SHORT'(으)로의 변환에는 축소 변환이 필요합니다.
C:\김수민\Study_Programming\문제&프로젝트파일\4.C++언어\6강\오목_프로젝트\오목_프로젝트\MapDraw.h(31,20): warning C4838: 'int'에서 'SHORT'(으)로의 변환에는 축소 변환이 필요합니다.
C:\김수민\Study_Programming\문제&프로젝트파일\4.C++언어\6강\오목_프로젝트\오목_프로젝트\Play.cpp(37,57): warning C4244: '인수': 'float'에서 'int'(으)로 변환하면서 데이터가 손실될 수 있습니다.
C:\김수민\Study_Programming\문제&프로젝트파일\4.C++언어\6강\오목_프로젝트\오목_프로젝트\Play.cpp(38,51): warning C4244: '인수': 'float'에서 'int'(으)로 변환하면서 데이터가 손실될 수 있습니다.
C:\김수민\Study_Programming\문제&프로젝트파일\4.C++언어\6강\오목_프로젝트\오목_프로젝트\Play.cpp(124,61): warning C4244: '인수': 'float'에서 'int'(으)로 변환하면서 데이터가 손실될 수 있습니다.
C:\김수민\Study_Programming\문제&프로젝트파일\4.C++언어\6강\오목_프로젝트\오목_프로젝트\Play.cpp(126,62): warning C4244: '인수': 'float'에서 'int'(으)로 변환하면서 데이터가 손실될 수 있습니다.
C:\김수민\Study_Programming\문제&프로젝트파일\4.C++언어\6강\오목_프로젝트\오목_프로젝트\Play.cpp(137,69): warning C4244: '인수': 'float'에서 'int'(으)로 변환하면서 데이터가 손실될 수 있습니다.
C:\김수민\Study_Programming\문제&프로젝트파일\4.C++언어\6강\오목_프로젝트\오목_프로젝트\Play.cpp(138,97): warning C4244: '인수': 'float'에서 'int'(으)로 변환하면서 데이터가 손실될 수 있습니다.
C:\김수민\Study_Programming\문제&프로젝트파일\4.C++언어\6강\오목_프로젝트\오목_프로젝트\Play.cpp(205,95): warning C4244: '인수': 'float'에서 'int'(으)로 변환하면서 데이터가 손실될 수 있습니다.
C:\김수민\Study_Programming\문제&프로젝트파일\4.C++언어\6강\오목_프로젝트\오목_프로젝트\Play.cpp(211,101): warning C4244: '인수': 'float'에서 'int'(으)로 변환하면서 데이터가 손실될 수 있습니다.
C:\김수민\Study_Programming\문제&프로젝트파일\4.C++언어\6강\오목_프로젝트\오목_프로젝트\Play.cpp(261,62): warning C4244: '인수': 'float'에서 'int'(으)로 변환하면서 데이터가 손실될 수 있습니다.
C:\김수민\Study_Programming\문제&프로젝트파일\4.C++언어\6강\오목_프로젝트\오목_프로젝트\Play.cpp(262,67): warning C4244: '인수': 'float'에서 'int'(으)로 변환하면서 데이터가 손실될 수 있습니다.
C:\김수민\Study_Programming\문제&프로젝트파일\4.C++언어\6강\오목_프로젝트\오목_프로젝트\Play.cpp(264,52): warning C4244: '인수': 'float'에서 'int'(으)로 변환하면서 데이터가 손실될 수 있습니다.
C:\김수민\Study_Programming\문제&프로젝트파일\4.C++언어\6강\오목_프로젝트\오목_프로젝트\Play.cpp(267,62): warning C4244: '인수': 'float'에서 'int'(으)로 변환하면서 데이터가 손실될 수 있습니다.
C:\김수민\Study_Programming\문제&프로젝트파일\4.C++언어\6강\오목_프로젝트\오목_프로젝트\Play.cpp(268,68): warning C4244: '인수': 'float'에서 'int'(으)로 변환하면서 데이터가 손실될 수 있습니다.
C:\김수민\Study_Programming\문제&프로젝트파일\4.C++언어\6강\오목_프로젝트\오목_프로젝트\Play.cpp(270,52): warning C4244: '인수': 'float'에서 'int'(으)로 변환하면서 데이터가 손실될 수 있습니다.
C:\김수민\Study_Programming\문제&프로젝트파일\4.C++언어\6강\오목_프로젝트\오목_프로젝트\Play.cpp(350,103): warning C4244: '인수': 'float'에서 'int'(으)로 변환하면서 데이터가 손실될 수 있습니다.
  Player.cpp
C:\김수민\Study_Programming\문제&프로젝트파일\4.C++언어\6강\오목_프로젝트\오목_프로젝트\MapDraw.h(31,17): warning C4838: 'int'에서 'SHORT'(으)로의 변환에는 축소 변환이 필요합니다.
C:\김수민\Study_Programming\문제&프로젝트파일\4.C++언어\6강\오목_프로젝트\오목_프로젝트\MapDraw.h(31,20): warning C4838: 'int'에서 'SHORT'(으)로의 변환에는 축소 변환이 필요합니다.
  소스.cpp
C:\김수민\Study_Programming\문제&프로젝트파일\4.C++언어\6강\오목_프로젝트\오목_프로젝트\MapDraw.h(31,17): warning C4838: 'int'에서 'SHORT'(으)로의 변환에는 축소 변환이 필요합니다.
C:\김수민\Study_Programming\문제&프로젝트파일\4.C++언어\6강\오목_프로젝트\오목_프로젝트\MapDraw.h(31,20): warning C4838: 'int'에서 'SHORT'(으)로의 변환에는 축소 변환이 필요합니다.
C:\김수민\Study_Programming\문제&프로젝트파일\4.C++언어\6강\오목_프로젝트\오목_프로젝트\소스.cpp(8,1): warning C4326: 'main'의 반환 형식이 'int'이어야 하는데 'void'입니다.
  코드를 생성하고 있습니다...
  오목_프로젝트.vcxproj -> C:\김수민\Study_Programming\문제&프로젝트파일\4.C++언어\6강\오목_프로젝트\x64\Debug\오목_프로젝트.exe
