  GameManager.cpp
D:\코딩\Study_Programming\RPG문제\RPG문제\MapDraw.h(23,17): warning C4838: 'int'에서 'SHORT'(으)로의 변환에는 축소 변환이 필요합니다.
D:\코딩\Study_Programming\RPG문제\RPG문제\MapDraw.h(23,20): warning C4838: 'int'에서 'SHORT'(으)로의 변환에는 축소 변환이 필요합니다.
D:\코딩\Study_Programming\RPG문제\RPG문제\GameManager.cpp(8,71): warning C4244: '인수': 'float'에서 'int'(으)로 변환하면서 데이터가 손실될 수 있습니다.
D:\코딩\Study_Programming\RPG문제\RPG문제\GameManager.cpp(9,55): warning C4244: '인수': 'float'에서 'int'(으)로 변환하면서 데이터가 손실될 수 있습니다.
D:\코딩\Study_Programming\RPG문제\RPG문제\GameManager.cpp(10,56): warning C4244: '인수': 'float'에서 'int'(으)로 변환하면서 데이터가 손실될 수 있습니다.
D:\코딩\Study_Programming\RPG문제\RPG문제\GameManager.cpp(11,56): warning C4244: '인수': 'float'에서 'int'(으)로 변환하면서 데이터가 손실될 수 있습니다.
D:\코딩\Study_Programming\RPG문제\RPG문제\GameManager.cpp(13,53): warning C4244: '인수': 'float'에서 'int'(으)로 변환하면서 데이터가 손실될 수 있습니다.
  MapDraw.cpp
D:\코딩\Study_Programming\RPG문제\RPG문제\MapDraw.h(23,17): warning C4838: 'int'에서 'SHORT'(으)로의 변환에는 축소 변환이 필요합니다.
D:\코딩\Study_Programming\RPG문제\RPG문제\MapDraw.h(23,20): warning C4838: 'int'에서 'SHORT'(으)로의 변환에는 축소 변환이 필요합니다.
D:\코딩\Study_Programming\RPG문제\RPG문제\MapDraw.cpp(26,8): warning C4018: '>': signed 또는 unsigned가 일치하지 않습니다.
  Monster.cpp
  Player.cpp
  Shop.cpp
  소스.cpp
D:\코딩\Study_Programming\RPG문제\RPG문제\MapDraw.h(23,17): warning C4838: 'int'에서 'SHORT'(으)로의 변환에는 축소 변환이 필요합니다.
D:\코딩\Study_Programming\RPG문제\RPG문제\MapDraw.h(23,20): warning C4838: 'int'에서 'SHORT'(으)로의 변환에는 축소 변환이 필요합니다.
D:\코딩\Study_Programming\RPG문제\RPG문제\소스.cpp(5,1): warning C4326: 'main'의 반환 형식이 'int'이어야 하는데 'void'입니다.
  코드를 생성하고 있습니다...
  RPG문제.vcxproj -> D:\코딩\Study_Programming\RPG문제\Debug\RPG문제.exe
